2023-08-06 03:25:10.861844 - Initialized conversion of CBT325
2023-08-06 03:25:11.271792 - Received CBT.V505.FILE325.PDS from FILE325.XMI 
2023-08-06 03:25:11.273898 - Found $$$#DATE.txt (text/plain) in CBT.V505.FILE325.PDS, moved to PDS/$$$#DATE
2023-08-06 03:25:11.274854 - Found $CONTENT.txt (text/plain) in CBT.V505.FILE325.PDS, moved to PDS/$CONTENT
2023-08-06 03:25:11.275852 - Found $PRINTOF.txt (text/plain) in CBT.V505.FILE325.PDS, moved to PDS/$PRINTOF
2023-08-06 03:25:11.276746 - Found @FILE325.txt (text/plain) in CBT.V505.FILE325.PDS, moved to PDS/@FILE325
2023-08-06 03:25:11.277651 - Found DARTH.txt (text/plain) in CBT.V505.FILE325.PDS, moved to PDS/DARTH
2023-08-06 03:25:11.278598 - Found IEFUTL.txt (text/plain) in CBT.V505.FILE325.PDS, moved to PDS/IEFUTL
2023-08-06 03:25:11.279491 - Found INMXZ01.txt (text/plain) in CBT.V505.FILE325.PDS, moved to PDS/INMXZ01
2023-08-06 03:25:11.280358 - Found INMXZ02.txt (text/plain) in CBT.V505.FILE325.PDS, moved to PDS/INMXZ02
2023-08-06 03:25:11.281309 - Found JESLOGON.txt (text/plain) in CBT.V505.FILE325.PDS, moved to PDS/JESLOGON
2023-08-06 03:25:11.282225 - Found JESMAXCC.txt (text/plain) in CBT.V505.FILE325.PDS, moved to PDS/JESMAXCC
2023-08-06 03:25:11.283136 - Found MVSVARS.txt (text/plain) in CBT.V505.FILE325.PDS, moved to PDS/MVSVARS
2023-08-06 03:25:11.284014 - Found NOTE.txt (text/plain) in CBT.V505.FILE325.PDS, moved to PDS/NOTE
2023-08-06 03:25:11.284897 - Found NOTEHELP.txt (text/plain) in CBT.V505.FILE325.PDS, moved to PDS/NOTEHELP
2023-08-06 03:25:11.285802 - Found NOTEIMAC.txt (text/plain) in CBT.V505.FILE325.PDS, moved to PDS/NOTEIMAC
2023-08-06 03:25:11.286793 - Found OPCON.txt (text/plain) in CBT.V505.FILE325.PDS, moved to PDS/OPCON
2023-08-06 03:25:11.287674 - Found PRINTOF$.jcl (text/plain) in CBT.V505.FILE325.PDS, moved to PDS/PRINTOF$
2023-08-06 03:25:11.288675 - Found PRINTOFF.txt (text/plain) in CBT.V505.FILE325.PDS, moved to PDS/PRINTOFF
2023-08-06 03:25:11.289706 - Found PRINTOFX.jcl (text/plain) in CBT.V505.FILE325.PDS, moved to PDS/PRINTOFX
2023-08-06 03:25:11.290734 - Found PRINTOLD.txt (text/plain) in CBT.V505.FILE325.PDS, moved to PDS/PRINTOLD
2023-08-06 03:25:11.291642 - Found PROF$ZAP.jcl (text/plain) in CBT.V505.FILE325.PDS, moved to PDS/PROF$ZAP
2023-08-06 03:25:11.292530 - Found ROOM.txt (text/plain) in CBT.V505.FILE325.PDS, moved to PDS/ROOM
2023-08-06 03:25:11.293437 - Found VTAMCHK.txt (text/plain) in CBT.V505.FILE325.PDS, moved to PDS/VTAMCHK
2023-08-06 03:25:11.294558 - Found VTOCLIST.txt (text/plain) in CBT.V505.FILE325.PDS, moved to PDS/VTOCLIST
2023-08-06 03:25:11.295425 - Found WFBNOTE.txt (text/plain) in CBT.V505.FILE325.PDS, moved to PDS/WFBNOTE
